11:12:08.109 - ================= main start ========================
11:12:08.131 - ExObserver onNotify  data = test
11:12:08.133 - ================= main   end ========================
INFO  [1] [11:15:00.067] [LogTool] - ================= main start ========================
INFO  [1] [11:15:00.080] [LogTool] - ExObserver onNotify  data = test
INFO  [1] [11:15:00.081] [LogTool] - ================= main   end ========================
INFO  [1] [11:23:30.265] [LogTool] - ================= main start ========================
INFO  [1] [11:23:30.277] [LogTool] - ExObserver onNotify  data = test
INFO  [1] [11:23:30.278] [LogTool] - ================= main   end ========================
INFO  [1] [11:25:32.610] [LogTool] - ================= main start ========================
INFO  [1] [11:25:32.626] [LogTool] - ExObserver onNotify  data = test
INFO  [1] [11:25:32.628] [LogTool] - ================= main   end ========================
INFO  [1] [11:28:24.830] [LogTool] - ================= main start ========================
INFO  [1] [11:28:24.841] [LogTool] - ExObserver onNotify  data = test
INFO  [1] [11:28:24.842] [LogTool] - ================= main   end ========================
INFO  [1] [11:29:57.892] [LogTool] - ================= main start ========================
INFO  [1] [11:29:57.903] [LogTool] - ExObserver onNotify  data = test
INFO  [1] [11:29:57.904] [LogTool] - ExObserver onNotify  data = test
INFO  [1] [11:29:57.906] [LogTool] - ExObserver onNotify  data = test
INFO  [1] [11:29:57.907] [LogTool] - ================= main   end ========================
INFO  [1] [16:49:52.632] [LogTool] - ================= main start ========================
INFO  [1] [16:49:52.641] [LogTool] - timeout 1
INFO  [1] [16:50:24.507] [LogTool] - ================= main start ========================
INFO  [1] [16:50:38.891] [LogTool] - timeout 1
INFO  [1] [16:50:49.436] [LogTool] - ================= main start ========================
INFO  [1] [16:50:49.446] [LogTool] - timeout 1
INFO  [1] [16:50:49.448] [LogTool] - timeout 2
INFO  [1] [16:50:49.449] [LogTool] - ================= main   end ========================
INFO  [1] [16:51:11.285] [LogTool] - ================= main start ========================
INFO  [1] [16:51:11.294] [LogTool] - timeout 1
INFO  [1] [16:51:11.296] [LogTool] - timeout 2
INFO  [1] [16:51:11.297] [LogTool] - ================= main   end ========================
INFO  [1] [16:55:33.147] [LogTool] - ================= main start ========================
INFO  [1] [16:55:33.157] [LogTool] - AsyncScaffold timeout 1
INFO  [1] [16:55:33.158] [LogTool] - AsyncTool timeout 1
INFO  [1] [16:55:33.159] [LogTool] - AsyncScaffold timeout 2
INFO  [1] [16:55:33.160] [LogTool] - ================= main   end ========================
INFO  [1] [16:55:36.145] [LogTool] - AsyncTool timeout 1
INFO  [1] [16:56:12.678] [LogTool] - ================= main start ========================
INFO  [1] [16:56:12.687] [LogTool] - AsyncScaffold timeout 1
INFO  [1] [16:56:12.688] [LogTool] - AsyncTool timeout 1
INFO  [1] [16:56:12.690] [LogTool] - AsyncScaffold timeout 2
INFO  [1] [16:56:12.690] [LogTool] - ================= main   end ========================
INFO  [1] [16:57:02.441] [LogTool] - AsyncTool timeout 2
INFO  [1] [16:58:27.946] [LogTool] - ================= main start ========================
INFO  [1] [16:58:27.956] [LogTool] - AsyncScaffold timeout 1
INFO  [1] [16:58:27.957] [LogTool] - AsyncTool timeout 1
INFO  [1] [16:58:27.959] [LogTool] - AsyncScaffold timeout 2
INFO  [1] [16:58:27.959] [LogTool] - ================= main   end ========================
INFO  [1] [16:58:30.950] [LogTool] - AsyncTool timeout 2
INFO  [1] [17:28:25.156] [LogTool] - ================= main start ========================
INFO  [1] [17:28:25.167] [LogTool] - AsyncScaffold timeout 1
INFO  [1] [17:28:25.169] [LogTool] - AsyncScaffold update 1
INFO  [1] [17:28:25.170] [LogTool] - AsyncScaffold timeout 2
INFO  [1] [17:28:25.172] [LogTool] - ================= main   end ========================
INFO  [1] [17:28:25.175] [LogTool] - AsyncScaffold update 2
INFO  [1] [17:28:27.178] [LogTool] - AsyncScaffold update 3
INFO  [1] [17:46:30.850] [LogTool] - ================= main start ========================
INFO  [1] [17:46:30.860] [LogTool] - AsyncScaffold done start
INFO  [1] [17:46:30.862] [LogTool] - starsCore 1
INFO  [1] [17:46:30.863] [LogTool] - erase stars
INFO  [1] [17:46:30.864] [LogTool] - AsyncScaffold done end
INFO  [1] [17:46:30.865] [LogTool] - ================= main   end ========================
INFO  [1] [17:46:31.851] [LogTool] - starsCore 2
INFO  [1] [17:46:31.853] [LogTool] - fall stars
INFO  [1] [17:46:33.858] [LogTool] - starsCore 3
INFO  [1] [17:46:33.867] [LogTool] - remove stars
INFO  [1] [17:46:33.868] [LogTool] - starsCore 1
INFO  [1] [17:56:01.581] [LogTool] - ================= main start ========================
INFO  [1] [17:56:01.590] [LogTool] - AsyncScaffold done start
INFO  [1] [17:56:01.591] [LogTool] - get input star
INFO  [1] [17:56:01.592] [LogTool] - get same stars
INFO  [1] [17:56:01.593] [LogTool] - erase same stars
INFO  [1] [17:56:01.594] [LogTool] - AsyncScaffold done end
INFO  [1] [17:56:01.595] [LogTool] - ================= main   end ========================
INFO  [1] [17:56:02.585] [LogTool] - fall other stars
INFO  [1] [17:57:47.843] [LogTool] - ================= main start ========================
INFO  [1] [17:57:47.853] [LogTool] - get input star
INFO  [1] [17:57:47.854] [LogTool] - get same stars
INFO  [1] [17:57:47.855] [LogTool] - erase same stars
INFO  [1] [17:57:47.857] [LogTool] - ================= main   end ========================
INFO  [1] [17:57:48.843] [LogTool] - fall other stars
INFO  [1] [17:57:49.851] [LogTool] - wait player input
INFO  [1] [18:07:14.136] [LogTool] - ================= main start ========================
INFO  [1] [18:07:14.146] [LogTool] - get input star
INFO  [1] [18:07:14.148] [LogTool] - get same stars
INFO  [1] [18:07:14.149] [LogTool] - erase same stars
INFO  [1] [18:07:14.151] [LogTool] - ================= main   end ========================
INFO  [1] [18:07:15.136] [LogTool] - fall other stars
INFO  [1] [18:07:16.137] [LogTool] - wait player input
INFO  [1] [19:06:32.847] [LogTool] - ================= main start ========================
INFO  [1] [19:06:32.856] [LogTool] - LambdaScaffold == 6
INFO  [1] [19:06:32.857] [LogTool] - ================= main   end ========================
INFO  [1] [19:07:04.570] [LogTool] - ================= main start ========================
INFO  [1] [19:07:04.579] [LogTool] - LambdaScaffold == 6
INFO  [1] [19:07:04.580] [LogTool] - ================= main   end ========================
INFO  [1] [20:26:34.125] [LogTool] - ================= main start ========================
INFO  [1] [20:26:34.137] [LogTool] - ================= main   end ========================
INFO  [1] [20:27:23.981] [LogTool] - ================= main start ========================
INFO  [1] [20:27:23.991] [LogTool] - DelegateScaffold == 7
INFO  [1] [20:27:23.992] [LogTool] - ================= main   end ========================
INFO  [1] [20:27:53.449] [LogTool] - ================= main start ========================
INFO  [1] [20:27:53.458] [LogTool] - show
INFO  [1] [20:27:53.459] [LogTool] - show
INFO  [1] [20:27:53.460] [LogTool] - ================= main   end ========================
INFO  [1] [20:28:18.991] [LogTool] - ================= main start ========================
INFO  [1] [20:28:21.768] [LogTool] - show
INFO  [1] [20:28:21.769] [LogTool] - show
INFO  [1] [20:28:21.769] [LogTool] - ================= main   end ========================
INFO  [1] [20:28:38.356] [LogTool] - ================= main start ========================
INFO  [1] [20:28:38.366] [LogTool] - show
INFO  [1] [20:28:38.367] [LogTool] - show
INFO  [1] [20:28:38.368] [LogTool] - ================= main   end ========================
INFO  [1] [20:28:56.939] [LogTool] - ================= main start ========================
INFO  [1] [20:28:56.948] [LogTool] - show
INFO  [1] [20:28:56.948] [LogTool] - ================= main   end ========================
INFO  [1] [11:28:20.565] [LogTool] - ================= main start ========================
INFO  [1] [11:28:20.578] [LogTool] - show
INFO  [1] [11:28:20.580] [LogTool] - ================= main   end ========================
INFO  [1] [11:28:45.670] [LogTool] - ================= main start ========================
INFO  [1] [11:28:45.719] [LogTool] - create bubbles level
INFO  [1] [11:28:45.721] [LogTool] - move shooter
INFO  [1] [11:28:45.722] [LogTool] - shoot bubble
INFO  [1] [11:28:45.724] [LogTool] - bubble is moving
INFO  [1] [11:28:45.726] [LogTool] - ================= main   end ========================
INFO  [1] [11:28:47.712] [LogTool] - add bubble to level
INFO  [1] [11:28:47.715] [LogTool] - get same bubbles
INFO  [1] [11:28:47.717] [LogTool] - erase same bubbles
INFO  [1] [11:28:48.714] [LogTool] - fall other bubbles
INFO  [1] [11:28:50.722] [LogTool] - wait player next shoot
INFO  [1] [11:58:55.586] [LogTool] - ================= main start ========================
INFO  [1] [11:58:55.596] [LogTool] - create stars level
INFO  [1] [11:58:55.598] [LogTool] - get input star
INFO  [1] [11:58:55.599] [LogTool] - get same stars
INFO  [1] [11:58:55.600] [LogTool] - erase same stars
INFO  [1] [11:58:55.602] [LogTool] - ================= main   end ========================
INFO  [1] [11:58:56.587] [LogTool] - fall other stars
INFO  [1] [11:58:57.589] [LogTool] - wait player input
INFO  [1] [11:58:57.590] [LogTool] - get input star
INFO  [1] [11:58:57.592] [LogTool] - get same stars
INFO  [1] [11:58:57.593] [LogTool] - erase same stars
INFO  [1] [11:58:58.592] [LogTool] - fall other stars
INFO  [1] [11:58:59.599] [LogTool] - wait player input
INFO  [1] [11:58:59.600] [LogTool] - get input star
INFO  [1] [11:58:59.601] [LogTool] - get same stars
INFO  [1] [11:58:59.602] [LogTool] - erase same stars
INFO  [1] [11:59:00.602] [LogTool] - fall other stars
INFO  [1] [11:59:01.608] [LogTool] - wait player input
INFO  [1] [11:59:01.609] [LogTool] - get input star
INFO  [1] [11:59:01.610] [LogTool] - get same stars
INFO  [1] [11:59:01.611] [LogTool] - erase same stars
INFO  [1] [11:59:02.613] [LogTool] - fall other stars
INFO  [1] [21:44:34.066] [LogTool] - ================= main start ========================
INFO  [1] [21:44:34.078] [LogTool] - create stars level
INFO  [1] [21:44:34.079] [LogTool] - get input star
INFO  [1] [21:44:34.081] [LogTool] - get same stars
INFO  [1] [21:44:34.082] [LogTool] - erase same stars
INFO  [1] [21:44:34.084] [LogTool] - ================= main   end ========================
INFO  [1] [21:44:39.152] [LogTool] - supply stars
INFO  [1] [21:44:39.155] [LogTool] - fall hanging stars
INFO  [1] [21:44:41.158] [LogTool] - wait player input
INFO  [1] [10:04:47.351] [ScaffoldEntry] - ================= main start ========================
INFO  [1] [10:04:47.408] [StarGame] - create stars level
INFO  [1] [10:04:47.409] [StarGame] - get input star
INFO  [1] [10:04:47.410] [StarGame] - get same stars
INFO  [1] [10:04:47.412] [StarGame] - erase same stars
INFO  [1] [10:04:47.413] [ScaffoldEntry] - ================= main   end ========================
INFO  [1] [10:04:48.402] [StarGame] - supply stars
INFO  [1] [10:04:48.405] [StarGame] - fall hanging stars
INFO  [1] [10:04:50.403] [StarGame] - wait player input
INFO  [1] [10:04:52.409] [StarGame] - get input star
INFO  [1] [10:04:52.410] [StarGame] - get same stars
INFO  [1] [10:04:52.412] [StarGame] - erase same stars
INFO  [1] [10:04:53.414] [StarGame] - supply stars
INFO  [1] [10:04:53.415] [StarGame] - fall hanging stars
INFO  [1] [10:04:55.418] [StarGame] - wait player input
INFO  [1] [10:04:57.418] [StarGame] - get input star
INFO  [1] [10:04:57.419] [StarGame] - get same stars
INFO  [1] [10:04:57.420] [StarGame] - erase same stars
INFO  [1] [10:04:58.424] [StarGame] - supply stars
INFO  [1] [10:04:58.425] [StarGame] - fall hanging stars
INFO  [1] [10:05:00.429] [StarGame] - wait player input
INFO  [1] [10:05:02.433] [StarGame] - get input star
INFO  [1] [10:05:02.434] [StarGame] - get same stars
INFO  [1] [10:05:02.435] [StarGame] - erase same stars
INFO  [1] [10:05:03.441] [StarGame] - supply stars
INFO  [1] [10:05:03.442] [StarGame] - fall hanging stars
INFO  [1] [10:05:06.250] [ScaffoldEntry] - ================= main start ========================
INFO  [1] [10:05:06.259] [StarGame] - create stars level
INFO  [1] [10:05:06.261] [StarGame] - get input star
INFO  [1] [10:05:06.262] [StarGame] - get same stars
INFO  [1] [10:05:06.263] [StarGame] - erase same stars
INFO  [1] [10:05:06.265] [ScaffoldEntry] - ================= main   end ========================
INFO  [1] [10:05:07.254] [StarGame] - supply stars
INFO  [1] [10:05:07.256] [StarGame] - fall hanging stars
INFO  [1] [10:05:09.261] [StarGame] - wait player input
INFO  [1] [10:05:11.261] [StarGame] - get input star
INFO  [1] [10:05:11.262] [StarGame] - get same stars
INFO  [1] [10:05:11.264] [StarGame] - erase same stars
INFO  [1] [10:05:20.044] [LogTool] - ================= main start ========================
INFO  [1] [10:05:20.053] [LogTool] - create stars level
INFO  [1] [10:05:20.054] [LogTool] - get input star
INFO  [1] [10:05:20.055] [LogTool] - get same stars
INFO  [1] [10:05:20.058] [LogTool] - erase same stars
INFO  [1] [10:05:20.060] [LogTool] - ================= main   end ========================
INFO  [1] [10:05:21.049] [LogTool] - supply stars
INFO  [1] [10:05:21.051] [LogTool] - fall hanging stars
INFO  [1] [10:05:23.050] [LogTool] - wait player input
INFO  [1] [10:05:25.058] [LogTool] - get input star
INFO  [1] [10:05:25.059] [LogTool] - get same stars
INFO  [1] [10:05:25.060] [LogTool] - erase same stars
INFO  [1] [10:05:26.063] [LogTool] - supply stars
INFO  [1] [10:05:26.064] [LogTool] - fall hanging stars
INFO  [1] [10:16:14.823] [LogTool] - ================= main start ========================
INFO  [1] [10:16:14.832] [LogTool] - create stars level
INFO  [1] [10:16:14.833] [LogTool] - get input star
INFO  [1] [10:16:14.834] [LogTool] - get same stars
INFO  [1] [10:16:14.835] [LogTool] - erase same stars
INFO  [1] [10:16:14.838] [LogTool] - ================= main   end ========================
INFO  [1] [10:16:15.824] [LogTool] - supply stars
INFO  [1] [10:16:15.826] [LogTool] - fall hanging stars
INFO  [1] [10:16:17.824] [LogTool] - wait player input
INFO  [1] [10:16:19.832] [LogTool] - get input star
INFO  [1] [10:16:19.833] [LogTool] - get same stars
INFO  [1] [10:16:19.834] [LogTool] - erase same stars
INFO  [1] [10:16:20.834] [LogTool] - supply stars
INFO  [1] [10:16:20.836] [LogTool] - fall hanging stars
INFO  [1] [10:16:32.208] [BubbleGame] - ================= main start ========================
INFO  [1] [10:16:32.219] [BubbleGame] - create stars level
INFO  [1] [10:16:32.220] [BubbleGame] - get input star
INFO  [1] [10:16:32.221] [BubbleGame] - get same stars
INFO  [1] [10:16:32.223] [BubbleGame] - erase same stars
INFO  [1] [10:16:32.224] [BubbleGame] - ================= main   end ========================
INFO  [1] [10:16:33.215] [BubbleGame] - supply stars
INFO  [1] [10:16:33.217] [BubbleGame] - fall hanging stars
INFO  [1] [10:16:35.221] [BubbleGame] - wait player input
INFO  [1] [10:16:37.223] [BubbleGame] - get input star
INFO  [1] [10:16:37.224] [BubbleGame] - get same stars
INFO  [1] [10:16:37.225] [BubbleGame] - erase same stars
INFO  [1] [10:17:42.240] [LogTool] - ================= main start ========================
INFO  [1] [10:17:42.250] [LogTool] - create stars level
INFO  [1] [10:17:42.251] [LogTool] - get input star
INFO  [1] [10:17:42.253] [LogTool] - get same stars
INFO  [1] [10:17:42.254] [LogTool] - erase same stars
INFO  [1] [10:17:42.256] [LogTool] - ================= main   end ========================
INFO  [1] [10:17:43.246] [LogTool] - supply stars
INFO  [1] [10:17:43.248] [LogTool] - fall hanging stars
INFO  [1] [10:17:45.246] [LogTool] - wait player input
INFO  [1] [10:21:55.466] [ScaffoldEntry] - ================= main start ========================
INFO  [1] [10:21:55.476] [StarGame] - create stars level
INFO  [1] [10:21:55.477] [StarGame] - get input star
INFO  [1] [10:21:55.479] [StarGame] - get same stars
INFO  [1] [10:21:55.481] [StarGame] - erase same stars
INFO  [1] [10:21:55.483] [ScaffoldEntry] - ================= main   end ========================
INFO  [1] [10:21:56.473] [StarGame] - supply stars
INFO  [1] [10:21:56.476] [StarGame] - fall hanging stars
INFO  [1] [10:21:58.479] [StarGame] - wait player input
INFO  [1] [10:22:00.480] [StarGame] - get input star
INFO  [1] [10:22:00.482] [StarGame] - get same stars
INFO  [1] [10:22:00.483] [StarGame] - erase same stars
INFO  [1] [10:22:01.488] [StarGame] - supply stars
INFO  [1] [10:22:01.489] [StarGame] - fall hanging stars
INFO  [1] [10:22:03.495] [StarGame] - wait player input
INFO  [1] [10:22:05.502] [StarGame] - get input star
INFO  [1] [10:22:05.503] [StarGame] - get same stars
INFO  [1] [10:22:05.504] [StarGame] - erase same stars
INFO  [1] [10:22:06.504] [StarGame] - supply stars
INFO  [1] [10:22:06.505] [StarGame] - fall hanging stars
INFO  [1] [11:39:16.000] [StarGame] - wait player input
