INFO  [1] [2019-04-15 10:04:47.351] [ScaffoldEntry] - ================= main start ========================
INFO  [1] [2019-04-15 10:04:47.408] [StarGame] - create stars level
INFO  [1] [2019-04-15 10:04:47.409] [StarGame] - get input star
INFO  [1] [2019-04-15 10:04:47.410] [StarGame] - get same stars
INFO  [1] [2019-04-15 10:04:47.412] [StarGame] - erase same stars
INFO  [1] [2019-04-15 10:04:47.413] [ScaffoldEntry] - ================= main   end ========================
INFO  [1] [2019-04-15 10:04:48.402] [StarGame] - supply stars
INFO  [1] [2019-04-15 10:04:48.405] [StarGame] - fall hanging stars
INFO  [1] [2019-04-15 10:04:50.403] [StarGame] - wait player input
INFO  [1] [2019-04-15 10:04:52.409] [StarGame] - get input star
INFO  [1] [2019-04-15 10:04:52.410] [StarGame] - get same stars
INFO  [1] [2019-04-15 10:04:52.412] [StarGame] - erase same stars
INFO  [1] [2019-04-15 10:04:53.414] [StarGame] - supply stars
INFO  [1] [2019-04-15 10:04:53.415] [StarGame] - fall hanging stars
INFO  [1] [2019-04-15 10:04:55.418] [StarGame] - wait player input
INFO  [1] [2019-04-15 10:04:57.418] [StarGame] - get input star
INFO  [1] [2019-04-15 10:04:57.419] [StarGame] - get same stars
INFO  [1] [2019-04-15 10:04:57.420] [StarGame] - erase same stars
INFO  [1] [2019-04-15 10:04:58.424] [StarGame] - supply stars
INFO  [1] [2019-04-15 10:04:58.425] [StarGame] - fall hanging stars
INFO  [1] [2019-04-15 10:05:00.429] [StarGame] - wait player input
INFO  [1] [2019-04-15 10:05:02.433] [StarGame] - get input star
INFO  [1] [2019-04-15 10:05:02.434] [StarGame] - get same stars
INFO  [1] [2019-04-15 10:05:02.435] [StarGame] - erase same stars
INFO  [1] [2019-04-15 10:05:03.441] [StarGame] - supply stars
INFO  [1] [2019-04-15 10:05:03.442] [StarGame] - fall hanging stars
INFO  [1] [2019-04-15 10:05:06.250] [ScaffoldEntry] - ================= main start ========================
INFO  [1] [2019-04-15 10:05:06.259] [StarGame] - create stars level
INFO  [1] [2019-04-15 10:05:06.261] [StarGame] - get input star
INFO  [1] [2019-04-15 10:05:06.262] [StarGame] - get same stars
INFO  [1] [2019-04-15 10:05:06.263] [StarGame] - erase same stars
INFO  [1] [2019-04-15 10:05:06.265] [ScaffoldEntry] - ================= main   end ========================
INFO  [1] [2019-04-15 10:05:07.254] [StarGame] - supply stars
INFO  [1] [2019-04-15 10:05:07.256] [StarGame] - fall hanging stars
INFO  [1] [2019-04-15 10:05:09.261] [StarGame] - wait player input
INFO  [1] [2019-04-15 10:05:11.261] [StarGame] - get input star
INFO  [1] [2019-04-15 10:05:11.262] [StarGame] - get same stars
INFO  [1] [2019-04-15 10:05:11.264] [StarGame] - erase same stars
INFO  [1] [2019-04-15 10:05:20.044] [LogTool] - ================= main start ========================
INFO  [1] [2019-04-15 10:05:20.053] [LogTool] - create stars level
INFO  [1] [2019-04-15 10:05:20.054] [LogTool] - get input star
INFO  [1] [2019-04-15 10:05:20.055] [LogTool] - get same stars
INFO  [1] [2019-04-15 10:05:20.058] [LogTool] - erase same stars
INFO  [1] [2019-04-15 10:05:20.060] [LogTool] - ================= main   end ========================
INFO  [1] [2019-04-15 10:05:21.049] [LogTool] - supply stars
INFO  [1] [2019-04-15 10:05:21.051] [LogTool] - fall hanging stars
INFO  [1] [2019-04-15 10:05:23.050] [LogTool] - wait player input
INFO  [1] [2019-04-15 10:05:25.058] [LogTool] - get input star
INFO  [1] [2019-04-15 10:05:25.059] [LogTool] - get same stars
INFO  [1] [2019-04-15 10:05:25.060] [LogTool] - erase same stars
INFO  [1] [2019-04-15 10:05:26.063] [LogTool] - supply stars
INFO  [1] [2019-04-15 10:05:26.064] [LogTool] - fall hanging stars
INFO  [1] [2019-04-15 10:16:14.823] [LogTool] - ================= main start ========================
INFO  [1] [2019-04-15 10:16:14.832] [LogTool] - create stars level
INFO  [1] [2019-04-15 10:16:14.833] [LogTool] - get input star
INFO  [1] [2019-04-15 10:16:14.834] [LogTool] - get same stars
INFO  [1] [2019-04-15 10:16:14.835] [LogTool] - erase same stars
INFO  [1] [2019-04-15 10:16:14.838] [LogTool] - ================= main   end ========================
INFO  [1] [2019-04-15 10:16:15.824] [LogTool] - supply stars
INFO  [1] [2019-04-15 10:16:15.826] [LogTool] - fall hanging stars
INFO  [1] [2019-04-15 10:16:17.824] [LogTool] - wait player input
INFO  [1] [2019-04-15 10:16:19.832] [LogTool] - get input star
INFO  [1] [2019-04-15 10:16:19.833] [LogTool] - get same stars
INFO  [1] [2019-04-15 10:16:19.834] [LogTool] - erase same stars
INFO  [1] [2019-04-15 10:16:20.834] [LogTool] - supply stars
INFO  [1] [2019-04-15 10:16:20.836] [LogTool] - fall hanging stars
INFO  [1] [2019-04-15 10:16:32.208] [BubbleGame] - ================= main start ========================
INFO  [1] [2019-04-15 10:16:32.219] [BubbleGame] - create stars level
INFO  [1] [2019-04-15 10:16:32.220] [BubbleGame] - get input star
INFO  [1] [2019-04-15 10:16:32.221] [BubbleGame] - get same stars
INFO  [1] [2019-04-15 10:16:32.223] [BubbleGame] - erase same stars
INFO  [1] [2019-04-15 10:16:32.224] [BubbleGame] - ================= main   end ========================
INFO  [1] [2019-04-15 10:16:33.215] [BubbleGame] - supply stars
INFO  [1] [2019-04-15 10:16:33.217] [BubbleGame] - fall hanging stars
INFO  [1] [2019-04-15 10:16:35.221] [BubbleGame] - wait player input
INFO  [1] [2019-04-15 10:16:37.223] [BubbleGame] - get input star
INFO  [1] [2019-04-15 10:16:37.224] [BubbleGame] - get same stars
INFO  [1] [2019-04-15 10:16:37.225] [BubbleGame] - erase same stars
INFO  [1] [2019-04-15 10:17:42.240] [LogTool] - ================= main start ========================
INFO  [1] [2019-04-15 10:17:42.250] [LogTool] - create stars level
INFO  [1] [2019-04-15 10:17:42.251] [LogTool] - get input star
INFO  [1] [2019-04-15 10:17:42.253] [LogTool] - get same stars
INFO  [1] [2019-04-15 10:17:42.254] [LogTool] - erase same stars
INFO  [1] [2019-04-15 10:17:42.256] [LogTool] - ================= main   end ========================
INFO  [1] [2019-04-15 10:17:43.246] [LogTool] - supply stars
INFO  [1] [2019-04-15 10:17:43.248] [LogTool] - fall hanging stars
INFO  [1] [2019-04-15 10:17:45.246] [LogTool] - wait player input
INFO  [1] [2019-04-15 10:21:55.466] [ScaffoldEntry] - ================= main start ========================
INFO  [1] [2019-04-15 10:21:55.476] [StarGame] - create stars level
INFO  [1] [2019-04-15 10:21:55.477] [StarGame] - get input star
INFO  [1] [2019-04-15 10:21:55.479] [StarGame] - get same stars
INFO  [1] [2019-04-15 10:21:55.481] [StarGame] - erase same stars
INFO  [1] [2019-04-15 10:21:55.483] [ScaffoldEntry] - ================= main   end ========================
INFO  [1] [2019-04-15 10:21:56.473] [StarGame] - supply stars
INFO  [1] [2019-04-15 10:21:56.476] [StarGame] - fall hanging stars
INFO  [1] [2019-04-15 10:21:58.479] [StarGame] - wait player input
INFO  [1] [2019-04-15 10:22:00.480] [StarGame] - get input star
INFO  [1] [2019-04-15 10:22:00.482] [StarGame] - get same stars
INFO  [1] [2019-04-15 10:22:00.483] [StarGame] - erase same stars
INFO  [1] [2019-04-15 10:22:01.488] [StarGame] - supply stars
INFO  [1] [2019-04-15 10:22:01.489] [StarGame] - fall hanging stars
INFO  [1] [2019-04-15 10:22:03.495] [StarGame] - wait player input
INFO  [1] [2019-04-15 10:22:05.502] [StarGame] - get input star
INFO  [1] [2019-04-15 10:22:05.503] [StarGame] - get same stars
INFO  [1] [2019-04-15 10:22:05.504] [StarGame] - erase same stars
INFO  [1] [2019-04-15 10:22:06.504] [StarGame] - supply stars
INFO  [1] [2019-04-15 10:22:06.505] [StarGame] - fall hanging stars
INFO  [1] [2019-04-15 11:39:16.000] [StarGame] - wait player input
